<?xml version="1.0" encoding="UTF-8"?>
<testsuite xmlns:xsi="http://www.w3.org/2001/XMLSchema-instance" xsi:noNamespaceSchemaLocation="https://maven.apache.org/surefire/maven-surefire-plugin/xsd/surefire-test-report.xsd" version="3.0.2" name="com.klef.fsad.electionmonitoringsystem.Sdp07ElectionMonitoringSystemApplicationTests" time="7.591" tests="1" errors="0" skipped="0" failures="0" flakes="0">
  <properties>
[...]
</properties>
  <testcase name="contextLoads" classname="com.klef.fsad.electionmonitoringsystem.Sdp07ElectionMonitoringSystemApplicationTests" time="0.417">
    <system-out><![CDATA[09:46:51.314 [main] INFO org.springframework.test.context.support.AnnotationConfigContextLoaderUtils -- Could not detect default configuration classes for test class [com.klef.fsad.electionmonitoringsystem.Sdp07ElectionMonitoringSystemApplicationTests]: Sdp07ElectionMonitoringSystemApplicationTests does not declare any static, non-private, non-final, nested classes annotated with @Configuration.
09:46:51.506 [main] INFO org.springframework.boot.test.context.SpringBootTestContextBootstrapper -- Found @SpringBootConfiguration com.klef.fsad.electionmonitoringsystem.Sdp07ElectionMonitoringSystemApplication for test class com.klef.fsad.electionmonitoringsystem.Sdp07ElectionMonitoringSystemApplicationTests
09:46:51.659 [main] INFO org.springframework.test.context.support.AnnotationConfigContextLoaderUtils -- Could not detect default configuration classes for test class [com.klef.fsad.electionmonitoringsystem.Sdp07ElectionMonitoringSystemApplicationTests]: Sdp07ElectionMonitoringSystemApplicationTests does not declare any static, non-private, non-final, nested classes annotated with @Configuration.
09:46:51.662 [main] INFO org.springframework.boot.test.context.SpringBootTestContextBootstrapper -- Found @SpringBootConfiguration com.klef.fsad.electionmonitoringsystem.Sdp07ElectionMonitoringSystemApplication for test class com.klef.fsad.electionmonitoringsystem.Sdp07ElectionMonitoringSystemApplicationTests
09:46:51.772 [main] INFO org.springframework.boot.devtools.restart.RestartApplicationListener -- Restart disabled due to context in which it is running

  .   ____          _            __ _ _
 /\\ / ___'_ __ _ _(_)_ __  __ _ \ \ \ \
( ( )\___ | '_ | '_| | '_ \/ _` | \ \ \ \
 \\/  ___)| |_)| | | | | || (_| |  ) ) ) )
  '  |____| .__|_| |_|_| |_\__, | / / / /
 =========|_|==============|___/=/_/_/_/

 :: Spring Boot ::                (v4.0.5)

2026-04-08T09:46:52.166+05:30  INFO 30848 --- [SDP_07_ElectionMonitoringSystem] [           main] ElectionMonitoringSystemApplicationTests : Starting Sdp07ElectionMonitoringSystemApplicationTests using Java 24.0.1 with PID 30848 (started by Lenovo in C:\Users\Lenovo\Desktop\full stack\fsad-sdp-backend-07\fsad-sdp-backend-07)
2026-04-08T09:46:52.169+05:30  INFO 30848 --- [SDP_07_ElectionMonitoringSystem] [           main] ElectionMonitoringSystemApplicationTests : No active profile set, falling back to 1 default profile: "default"
2026-04-08T09:46:53.325+05:30  INFO 30848 --- [SDP_07_ElectionMonitoringSystem] [           main] .s.d.r.c.RepositoryConfigurationDelegate : Bootstrapping Spring Data JPA repositories in DEFAULT mode.
2026-04-08T09:46:53.396+05:30  INFO 30848 --- [SDP_07_ElectionMonitoringSystem] [           main] .s.d.r.c.RepositoryConfigurationDelegate : Finished Spring Data repository scanning in 61 ms. Found 5 JPA repository interfaces.
2026-04-08T09:46:54.132+05:30  INFO 30848 --- [SDP_07_ElectionMonitoringSystem] [           main] org.hibernate.orm.jpa                    : HHH008540: Processing PersistenceUnitInfo [name: default]
2026-04-08T09:46:54.223+05:30  INFO 30848 --- [SDP_07_ElectionMonitoringSystem] [           main] org.hibernate.orm.core                   : HHH000001: Hibernate ORM core version 7.2.7.Final
2026-04-08T09:46:54.981+05:30  INFO 30848 --- [SDP_07_ElectionMonitoringSystem] [           main] o.s.o.j.p.SpringPersistenceUnitInfo      : No LoadTimeWeaver setup: ignoring JPA class transformer
2026-04-08T09:46:55.019+05:30  INFO 30848 --- [SDP_07_ElectionMonitoringSystem] [           main] com.zaxxer.hikari.HikariDataSource       : HikariPool-1 - Starting...
2026-04-08T09:46:55.463+05:30  INFO 30848 --- [SDP_07_ElectionMonitoringSystem] [           main] com.zaxxer.hikari.pool.HikariPool        : HikariPool-1 - Added connection com.mysql.cj.jdbc.ConnectionImpl@2078bf0a
2026-04-08T09:46:55.466+05:30  INFO 30848 --- [SDP_07_ElectionMonitoringSystem] [           main] com.zaxxer.hikari.HikariDataSource       : HikariPool-1 - Start completed.
2026-04-08T09:46:55.540+05:30  WARN 30848 --- [SDP_07_ElectionMonitoringSystem] [           main] org.hibernate.orm.deprecation            : HHH90000025: MySQLDialect does not need to be specified explicitly using 'hibernate.dialect' (remove the property setting and it will be selected by default)
2026-04-08T09:46:55.566+05:30  INFO 30848 --- [SDP_07_ElectionMonitoringSystem] [           main] org.hibernate.orm.connections.pooling    : HHH10001005: Database info:
	Database JDBC URL [jdbc:mysql://localhost:3306/project_db]
	Database driver: MySQL Connector/J
	Database dialect: MySQLDialect
	Database version: 8.0.45
	Default catalog/schema: project_db/undefined
	Autocommit mode: undefined/unknown
	Isolation level: REPEATABLE_READ [default REPEATABLE_READ]
	JDBC fetch size: none
	Pool: DataSourceConnectionProvider
	Minimum pool size: undefined/unknown
	Maximum pool size: undefined/unknown
2026-04-08T09:46:56.715+05:30  INFO 30848 --- [SDP_07_ElectionMonitoringSystem] [           main] org.hibernate.orm.core                   : HHH000489: No JTA platform available (set 'hibernate.transaction.jta.platform' to enable JTA platform integration)
2026-04-08T09:46:56.797+05:30  INFO 30848 --- [SDP_07_ElectionMonitoringSystem] [           main] j.LocalContainerEntityManagerFactoryBean : Initialized JPA EntityManagerFactory for persistence unit 'default'
2026-04-08T09:46:56.967+05:30  INFO 30848 --- [SDP_07_ElectionMonitoringSystem] [           main] o.s.d.j.r.query.QueryEnhancerFactories   : Hibernate is in classpath; If applicable, HQL parser will be used.
2026-04-08T09:46:57.525+05:30  WARN 30848 --- [SDP_07_ElectionMonitoringSystem] [           main] JpaBaseConfiguration$JpaWebConfiguration : spring.jpa.open-in-view is enabled by default. Therefore, database queries may be performed during view rendering. Explicitly configure spring.jpa.open-in-view to disable this warning
2026-04-08T09:46:58.166+05:30  INFO 30848 --- [SDP_07_ElectionMonitoringSystem] [           main] ElectionMonitoringSystemApplicationTests : Started Sdp07ElectionMonitoringSystemApplicationTests in 6.412 seconds (process running for 8.167)
]]></system-out>
    <system-err><![CDATA[Mockito is currently self-attaching to enable the inline-mock-maker. This will no longer work in future releases of the JDK. Please add Mockito as an agent to your build as described in Mockito's documentation: https://javadoc.io/doc/org.mockito/mockito-core/latest/org.mockito/org/mockito/Mockito.html#0.3
WARNING: A Java agent has been loaded dynamically (C:\Users\Lenovo\.m2\repository\net\bytebuddy\byte-buddy-agent\1.17.8\byte-buddy-agent-1.17.8.jar)
WARNING: If a serviceability tool is in use, please run with -XX:+EnableDynamicAgentLoading to hide this warning
WARNING: If a serviceability tool is not in use, please run with -Djdk.instrument.traceUsage for more information
WARNING: Dynamic loading of agents will be disallowed by default in a future release
]]></system-err>
  </testcase>
</testsuite>